[2026-06-02 00:21:57] [INFO] ═══ INICIO OPERACIÓN DIARIA ═══
[2026-06-02 00:21:57] [INFO] 📤 Publicando post...
[2026-06-02 00:21:57] [INFO]    ⚠️ Publicación: 📤 Publicando Día 3...
   Categoría: control
   Autor: Epicteto
   Imagen: dia_003.png
❌ Error: (#200) The permission(s) publish_actions are not available. It has been deprecated. If you want to provid
[2026-06-02 00:21:57] [INFO] 📊 Recolectando métricas...
[2026-06-02 00:21:58] [INFO]    ✅ Métricas actualizadas
[2026-06-02 00:22:58] [INFO] ═══ INICIO OPERACIÓN DIARIA ═══
[2026-06-02 00:22:58] [INFO] 📤 Publicando post...
[2026-06-02 00:23:03] [INFO]    ✅ Post publicado
[2026-06-02 00:23:03] [INFO] 📊 Recolectando métricas...
[2026-06-02 00:23:04] [INFO]    ✅ Métricas actualizadas
[2026-06-02 09:03:58] [INFO] ═══ INICIO OPERACIÓN DIARIA ═══
[2026-06-02 09:03:58] [INFO] 📤 Publicando post...
[2026-06-02 09:03:59] [INFO]    ⚠️ Publicación: 📤 Publicando Día 4...
   Categoría: mindset
   Autor: Marco Aurelio
   Imagen: dia_004.png
❌ Error: Error validating access token: Session has expired on Monday, 01-Jun-26 19:00:00 PDT. The current ti
[2026-06-02 09:03:59] [INFO] 📊 Recolectando métricas...
[2026-06-02 09:04:00] [INFO]    ✅ Métricas actualizadas
[2026-06-02 14:05:22] [INFO] ═══ INICIO OPERACIÓN DIARIA ═══
[2026-06-02 14:05:22] [INFO] 📤 Publicando post...
[2026-06-02 14:05:23] [INFO]    ⚠️ Publicación: 📤 Publicando Día 4...
   Categoría: mindset
   Autor: Marco Aurelio
   Imagen: dia_004.png
❌ Error: Error validating access token: Session has expired on Monday, 01-Jun-26 19:00:00 PDT. The current ti
[2026-06-02 14:05:23] [INFO] 📊 Recolectando métricas...
[2026-06-02 14:05:24] [INFO]    ✅ Métricas actualizadas
